2025-05-30T03:37:16.447+09:00 INFO  --- [ main] c.r.p.s.NaverAddressServiceTest : Starting NaverAddressServiceTest using Java 21.0.6 with PID 5880 (started by yeonu in /Users/yeonu/dev/RestSpotFinder/Backend)
2025-05-30T03:37:16.452+09:00 INFO  --- [ main] c.r.p.s.NaverAddressServiceTest : The following 1 profile is active: "dev"
2025-05-30T03:37:16.795+09:00 INFO  --- [ main] o.s.d.r.c.RepositoryConfigurationDelegate : Bootstrapping Spring Data JPA repositories in DEFAULT mode.
2025-05-30T03:37:16.826+09:00 INFO  --- [ main] o.s.d.r.c.RepositoryConfigurationDelegate : Finished Spring Data repository scanning in 27 ms. Found 10 JPA repository interfaces.
2025-05-30T03:37:16.991+09:00 INFO  --- [ main] o.h.jpa.internal.util.LogHelper : HHH000204: Processing PersistenceUnitInfo [name: default]
2025-05-30T03:37:17.018+09:00 INFO  --- [ main] org.hibernate.Version : HHH000412: Hibernate ORM core version 6.4.1.Final
2025-05-30T03:37:17.023+09:00 INFO  --- [ main] o.h.s.integration.SpatialService : HHH80000001: hibernate-spatial integration enabled : true
2025-05-30T03:37:17.034+09:00 INFO  --- [ main] o.h.c.i.RegionFactoryInitiator : HHH000026: Second-level cache disabled
2025-05-30T03:37:17.077+09:00 INFO  --- [ main] com.zaxxer.hikari.HikariDataSource : HikariPool-1 - Starting...
2025-05-30T03:37:17.397+09:00 INFO  --- [ main] com.zaxxer.hikari.pool.HikariPool : HikariPool-1 - Added connection org.postgresql.jdbc.PgConnection@7d6c4079
2025-05-30T03:37:17.398+09:00 INFO  --- [ main] com.zaxxer.hikari.HikariDataSource : HikariPool-1 - Start completed.
2025-05-30T03:37:17.482+09:00 INFO  --- [ main] org.hibernate.spatial : HHH80000003: hibernate-spatial adding type contributions from : org.hibernate.spatial.dialect.postgis.PostgisDialectContributor
2025-05-30T03:37:17.538+09:00 INFO  --- [ main] o.s.o.j.p.SpringPersistenceUnitInfo : No LoadTimeWeaver setup: ignoring JPA class transformer
2025-05-30T03:37:17.545+09:00 INFO  --- [ main] org.hibernate.spatial : HHH80000003: hibernate-spatial adding type contributions from : org.hibernate.spatial.dialect.postgis.PostgisDialectContributor
2025-05-30T03:37:17.652+09:00 INFO  --- [ main] org.hibernate.spatial : HHH80000004: hibernate-spatial adding function contributions from : org.hibernate.spatial.dialect.postgis.PostgisDialectContributor
2025-05-30T03:37:17.910+09:00 INFO  --- [ main] o.h.e.t.j.p.i.JtaPlatformInitiator : HHH000489: No JTA platform available (set 'hibernate.transaction.jta.platform' to enable JTA platform integration)
2025-05-30T03:37:17.911+09:00 INFO  --- [ main] o.s.o.j.LocalContainerEntityManagerFactoryBean : Initialized JPA EntityManagerFactory for persistence unit 'default'
2025-05-30T03:37:18.002+09:00 INFO  --- [ main] o.s.d.j.r.query.QueryEnhancerFactory : Hibernate is in classpath; If applicable, HQL parser will be used.
2025-05-30T03:37:18.224+09:00 INFO  --- [ main] org.quartz.impl.StdSchedulerFactory : Using default implementation for ThreadExecutor
2025-05-30T03:37:18.229+09:00 INFO  --- [ main] o.quartz.core.SchedulerSignalerImpl : Initialized Scheduler Signaller of type: class org.quartz.core.SchedulerSignalerImpl
2025-05-30T03:37:18.229+09:00 INFO  --- [ main] org.quartz.core.QuartzScheduler : Quartz Scheduler v.2.3.2 created.
2025-05-30T03:37:18.229+09:00 INFO  --- [ main] org.quartz.simpl.RAMJobStore : RAMJobStore initialized.
2025-05-30T03:37:18.229+09:00 INFO  --- [ main] org.quartz.core.QuartzScheduler : Scheduler meta-data: Quartz Scheduler (v2.3.2) 'quartzScheduler' with instanceId 'NON_CLUSTERED'
  Scheduler class: 'org.quartz.core.QuartzScheduler' - running locally.
  NOT STARTED.
  Currently in standby mode.
  Number of jobs executed: 0
  Using thread pool 'org.quartz.simpl.SimpleThreadPool' - with 10 threads.
  Using job-store 'org.quartz.simpl.RAMJobStore' - which does not support persistence. and is not clustered.

2025-05-30T03:37:18.229+09:00 INFO  --- [ main] org.quartz.impl.StdSchedulerFactory : Quartz scheduler 'quartzScheduler' initialized from an externally provided properties instance.
2025-05-30T03:37:18.229+09:00 INFO  --- [ main] org.quartz.impl.StdSchedulerFactory : Quartz scheduler version: 2.3.2
2025-05-30T03:37:18.229+09:00 INFO  --- [ main] org.quartz.core.QuartzScheduler : JobFactory set to: org.springframework.scheduling.quartz.SpringBeanJobFactory@93fb20b
2025-05-30T03:37:18.406+09:00 WARN  --- [ main] o.s.b.a.o.j.JpaBaseConfiguration$JpaWebConfiguration : spring.jpa.open-in-view is enabled by default. Therefore, database queries may be performed during view rendering. Explicitly configure spring.jpa.open-in-view to disable this warning
2025-05-30T03:37:18.599+09:00 INFO  --- [ main] o.s.b.t.m.w.SpringBootMockServletContext : Initializing Spring TestDispatcherServlet ''
2025-05-30T03:37:18.599+09:00 INFO  --- [ main] o.s.t.w.s.TestDispatcherServlet : Initializing Servlet ''
2025-05-30T03:37:18.599+09:00 INFO  --- [ main] o.s.t.w.s.TestDispatcherServlet : Completed initialization in 0 ms
2025-05-30T03:37:18.605+09:00 INFO  --- [ main] o.s.s.quartz.SchedulerFactoryBean : Starting Quartz Scheduler now
2025-05-30T03:37:18.605+09:00 INFO  --- [ main] org.quartz.core.QuartzScheduler : Scheduler quartzScheduler_$_NON_CLUSTERED started.
2025-05-30T03:37:18.610+09:00 INFO  --- [ main] c.r.p.s.NaverAddressServiceTest : Started NaverAddressServiceTest in 2.337 seconds (process running for 2.765)
2025-05-30T03:37:18.967+09:00 WARN  --- [ main] o.h.e.jdbc.spi.SqlExceptionHelper : SQL Error: 0, SQLState: 42P01
2025-05-30T03:37:18.967+09:00 ERROR --- [ main] o.h.e.jdbc.spi.SqlExceptionHelper : ERROR: relation "address_search_count" does not exist
  Position: 50
2025-05-30T03:37:18.986+09:00 ERROR --- [ main] c.r.l.interceptor.LoggingInterceptor : Request Info:
------------------------------
TraceId       : 1aa3b07c-ab0b-486b-acba-fcb87a9113a1
RequestUri    : /api/place/naver/address
Method        : GET
RequestParams : {address=정자동 178-1}
RequestBody   : null
PathVariables : null
------------------------------

2025-05-30T03:37:19.000+09:00 INFO  --- [ SpringApplicationShutdownHook] org.quartz.core.QuartzScheduler : Scheduler quartzScheduler_$_NON_CLUSTERED paused.
2025-05-30T03:37:19.001+09:00 INFO  --- [ SpringApplicationShutdownHook] o.s.s.quartz.SchedulerFactoryBean : Shutting down Quartz Scheduler
2025-05-30T03:37:19.001+09:00 INFO  --- [ SpringApplicationShutdownHook] org.quartz.core.QuartzScheduler : Scheduler quartzScheduler_$_NON_CLUSTERED shutting down.
2025-05-30T03:37:19.001+09:00 INFO  --- [ SpringApplicationShutdownHook] org.quartz.core.QuartzScheduler : Scheduler quartzScheduler_$_NON_CLUSTERED paused.
2025-05-30T03:37:19.001+09:00 INFO  --- [ SpringApplicationShutdownHook] org.quartz.core.QuartzScheduler : Scheduler quartzScheduler_$_NON_CLUSTERED shutdown complete.
2025-05-30T03:37:19.001+09:00 INFO  --- [ SpringApplicationShutdownHook] o.s.o.j.LocalContainerEntityManagerFactoryBean : Closing JPA EntityManagerFactory for persistence unit 'default'
2025-05-30T03:37:19.002+09:00 INFO  --- [ SpringApplicationShutdownHook] com.zaxxer.hikari.HikariDataSource : HikariPool-1 - Shutdown initiated...
2025-05-30T03:37:19.115+09:00 INFO  --- [ SpringApplicationShutdownHook] com.zaxxer.hikari.HikariDataSource : HikariPool-1 - Shutdown completed.
2025-05-30T03:37:23.915+09:00 INFO  --- [ main] c.r.p.s.NaverAddressServiceTest : Starting NaverAddressServiceTest using Java 21.0.6 with PID 5893 (started by yeonu in /Users/yeonu/dev/RestSpotFinder/Backend)
2025-05-30T03:37:23.915+09:00 INFO  --- [ main] c.r.p.s.NaverAddressServiceTest : The following 1 profile is active: "dev"
2025-05-30T03:37:24.174+09:00 INFO  --- [ main] o.s.d.r.c.RepositoryConfigurationDelegate : Bootstrapping Spring Data JPA repositories in DEFAULT mode.
2025-05-30T03:37:24.209+09:00 INFO  --- [ main] o.s.d.r.c.RepositoryConfigurationDelegate : Finished Spring Data repository scanning in 32 ms. Found 10 JPA repository interfaces.
2025-05-30T03:37:24.362+09:00 INFO  --- [ main] o.h.jpa.internal.util.LogHelper : HHH000204: Processing PersistenceUnitInfo [name: default]
2025-05-30T03:37:24.379+09:00 INFO  --- [ main] org.hibernate.Version : HHH000412: Hibernate ORM core version 6.4.1.Final
2025-05-30T03:37:24.382+09:00 INFO  --- [ main] o.h.s.integration.SpatialService : HHH80000001: hibernate-spatial integration enabled : true
2025-05-30T03:37:24.392+09:00 INFO  --- [ main] o.h.c.i.RegionFactoryInitiator : HHH000026: Second-level cache disabled
2025-05-30T03:37:24.429+09:00 INFO  --- [ main] com.zaxxer.hikari.HikariDataSource : HikariPool-1 - Starting...
2025-05-30T03:37:24.698+09:00 INFO  --- [ main] com.zaxxer.hikari.pool.HikariPool : HikariPool-1 - Added connection org.postgresql.jdbc.PgConnection@58e02359
2025-05-30T03:37:24.699+09:00 INFO  --- [ main] com.zaxxer.hikari.HikariDataSource : HikariPool-1 - Start completed.
2025-05-30T03:37:24.770+09:00 INFO  --- [ main] org.hibernate.spatial : HHH80000003: hibernate-spatial adding type contributions from : org.hibernate.spatial.dialect.postgis.PostgisDialectContributor
2025-05-30T03:37:24.815+09:00 INFO  --- [ main] o.s.o.j.p.SpringPersistenceUnitInfo : No LoadTimeWeaver setup: ignoring JPA class transformer
2025-05-30T03:37:24.821+09:00 INFO  --- [ main] org.hibernate.spatial : HHH80000003: hibernate-spatial adding type contributions from : org.hibernate.spatial.dialect.postgis.PostgisDialectContributor
2025-05-30T03:37:24.918+09:00 INFO  --- [ main] org.hibernate.spatial : HHH80000004: hibernate-spatial adding function contributions from : org.hibernate.spatial.dialect.postgis.PostgisDialectContributor
2025-05-30T03:37:25.179+09:00 INFO  --- [ main] o.h.e.t.j.p.i.JtaPlatformInitiator : HHH000489: No JTA platform available (set 'hibernate.transaction.jta.platform' to enable JTA platform integration)
2025-05-30T03:37:25.180+09:00 INFO  --- [ main] o.s.o.j.LocalContainerEntityManagerFactoryBean : Initialized JPA EntityManagerFactory for persistence unit 'default'
2025-05-30T03:37:25.269+09:00 INFO  --- [ main] o.s.d.j.r.query.QueryEnhancerFactory : Hibernate is in classpath; If applicable, HQL parser will be used.
2025-05-30T03:37:25.488+09:00 INFO  --- [ main] org.quartz.impl.StdSchedulerFactory : Using default implementation for ThreadExecutor
2025-05-30T03:37:25.492+09:00 INFO  --- [ main] o.quartz.core.SchedulerSignalerImpl : Initialized Scheduler Signaller of type: class org.quartz.core.SchedulerSignalerImpl
2025-05-30T03:37:25.493+09:00 INFO  --- [ main] org.quartz.core.QuartzScheduler : Quartz Scheduler v.2.3.2 created.
2025-05-30T03:37:25.493+09:00 INFO  --- [ main] org.quartz.simpl.RAMJobStore : RAMJobStore initialized.
2025-05-30T03:37:25.493+09:00 INFO  --- [ main] org.quartz.core.QuartzScheduler : Scheduler meta-data: Quartz Scheduler (v2.3.2) 'quartzScheduler' with instanceId 'NON_CLUSTERED'
  Scheduler class: 'org.quartz.core.QuartzScheduler' - running locally.
  NOT STARTED.
  Currently in standby mode.
  Number of jobs executed: 0
  Using thread pool 'org.quartz.simpl.SimpleThreadPool' - with 10 threads.
  Using job-store 'org.quartz.simpl.RAMJobStore' - which does not support persistence. and is not clustered.

2025-05-30T03:37:25.493+09:00 INFO  --- [ main] org.quartz.impl.StdSchedulerFactory : Quartz scheduler 'quartzScheduler' initialized from an externally provided properties instance.
2025-05-30T03:37:25.493+09:00 INFO  --- [ main] org.quartz.impl.StdSchedulerFactory : Quartz scheduler version: 2.3.2
2025-05-30T03:37:25.493+09:00 INFO  --- [ main] org.quartz.core.QuartzScheduler : JobFactory set to: org.springframework.scheduling.quartz.SpringBeanJobFactory@29ff84fa
2025-05-30T03:37:25.703+09:00 WARN  --- [ main] o.s.b.a.o.j.JpaBaseConfiguration$JpaWebConfiguration : spring.jpa.open-in-view is enabled by default. Therefore, database queries may be performed during view rendering. Explicitly configure spring.jpa.open-in-view to disable this warning
2025-05-30T03:37:25.874+09:00 INFO  --- [ main] o.s.b.t.m.w.SpringBootMockServletContext : Initializing Spring TestDispatcherServlet ''
2025-05-30T03:37:25.874+09:00 INFO  --- [ main] o.s.t.w.s.TestDispatcherServlet : Initializing Servlet ''
2025-05-30T03:37:25.875+09:00 INFO  --- [ main] o.s.t.w.s.TestDispatcherServlet : Completed initialization in 1 ms
2025-05-30T03:37:25.880+09:00 INFO  --- [ main] o.s.s.quartz.SchedulerFactoryBean : Starting Quartz Scheduler now
2025-05-30T03:37:25.880+09:00 INFO  --- [ main] org.quartz.core.QuartzScheduler : Scheduler quartzScheduler_$_NON_CLUSTERED started.
2025-05-30T03:37:25.885+09:00 INFO  --- [ main] c.r.p.s.NaverAddressServiceTest : Started NaverAddressServiceTest in 2.13 seconds (process running for 2.488)
2025-05-30T03:37:26.236+09:00 WARN  --- [ main] o.h.e.jdbc.spi.SqlExceptionHelper : SQL Error: 0, SQLState: 42P01
2025-05-30T03:37:26.236+09:00 ERROR --- [ main] o.h.e.jdbc.spi.SqlExceptionHelper : ERROR: relation "address_search_count" does not exist
  Position: 50
2025-05-30T03:37:26.256+09:00 ERROR --- [ main] c.r.l.interceptor.LoggingInterceptor : Request Info:
------------------------------
TraceId       : ddfa3f89-8133-47d5-bd05-46f6e63c36aa
RequestUri    : /api/place/naver/address
Method        : GET
RequestParams : {address=정자동 178-1}
RequestBody   : null
PathVariables : null
------------------------------

2025-05-30T03:37:26.269+09:00 INFO  --- [ SpringApplicationShutdownHook] org.quartz.core.QuartzScheduler : Scheduler quartzScheduler_$_NON_CLUSTERED paused.
2025-05-30T03:37:26.270+09:00 INFO  --- [ SpringApplicationShutdownHook] o.s.s.quartz.SchedulerFactoryBean : Shutting down Quartz Scheduler
2025-05-30T03:37:26.270+09:00 INFO  --- [ SpringApplicationShutdownHook] org.quartz.core.QuartzScheduler : Scheduler quartzScheduler_$_NON_CLUSTERED shutting down.
2025-05-30T03:37:26.270+09:00 INFO  --- [ SpringApplicationShutdownHook] org.quartz.core.QuartzScheduler : Scheduler quartzScheduler_$_NON_CLUSTERED paused.
2025-05-30T03:37:26.270+09:00 INFO  --- [ SpringApplicationShutdownHook] org.quartz.core.QuartzScheduler : Scheduler quartzScheduler_$_NON_CLUSTERED shutdown complete.
2025-05-30T03:37:26.271+09:00 INFO  --- [ SpringApplicationShutdownHook] o.s.o.j.LocalContainerEntityManagerFactoryBean : Closing JPA EntityManagerFactory for persistence unit 'default'
2025-05-30T03:37:26.272+09:00 INFO  --- [ SpringApplicationShutdownHook] com.zaxxer.hikari.HikariDataSource : HikariPool-1 - Shutdown initiated...
2025-05-30T03:37:26.374+09:00 INFO  --- [ SpringApplicationShutdownHook] com.zaxxer.hikari.HikariDataSource : HikariPool-1 - Shutdown completed.
